{"time":"2019-05-17T13:00:48+07:00","id":"","remote_ip":"::1","host":"localhost:8083","method":"POST","uri":"/todos","status":200, "latency":1020656100,"latency_human":"1.0206561s","bytes_in":50,"bytes_out":92}
{"time":"2019-05-17T13:23:54+07:00","id":"","remote_ip":"::1","host":"localhost:8083","method":"POST","uri":"/todos","status":200, "latency":2001400,"latency_human":"2.0014ms","bytes_in":52,"bytes_out":94}
{"time":"2019-05-17T13:30:26+07:00","id":"","remote_ip":"::1","host":"localhost:8083","method":"POST","uri":"/todos","status":200, "latency":1001200,"latency_human":"1.0012ms","bytes_in":52,"bytes_out":94}
{"time":"2019-05-17T13:55:06+07:00","id":"","remote_ip":"::1","host":"localhost:8083","method":"POST","uri":"/todos","status":200, "latency":0,"latency_human":"0s","bytes_in":52,"bytes_out":70}
{"time":"2019-05-17T13:59:04+07:00","id":"","remote_ip":"::1","host":"localhost:8083","method":"POST","uri":"/todos","status":200, "latency":0,"latency_human":"0s","bytes_in":54,"bytes_out":72}
{"time":"2019-05-17T14:36:53+07:00","id":"","remote_ip":"::1","host":"localhost:8083","method":"POST","uri":"/todos","status":200, "latency":0,"latency_human":"0s","bytes_in":54,"bytes_out":96}
{"time":"2019-05-17T14:39:38+07:00","id":"","remote_ip":"::1","host":"localhost:8083","method":"POST","uri":"/todos","status":200, "latency":0,"latency_human":"0s","bytes_in":54,"bytes_out":96}
{"time":"2019-05-17T14:41:36+07:00","id":"","remote_ip":"::1","host":"localhost:8083","method":"POST","uri":"/todos","status":200, "latency":500100,"latency_human":"500.1µs","bytes_in":54,"bytes_out":96}
{"time":"2019-05-17T14:42:48+07:00","id":"","remote_ip":"::1","host":"localhost:8083","method":"POST","uri":"/todos","status":200, "latency":0,"latency_human":"0s","bytes_in":54,"bytes_out":96}
{"time":"2019-05-17T14:43:33+07:00","id":"","remote_ip":"::1","host":"localhost:8083","method":"POST","uri":"/todos","status":200, "latency":999600,"latency_human":"999.6µs","bytes_in":54,"bytes_out":96}
{"time":"2019-05-17T14:49:42+07:00","id":"","remote_ip":"::1","host":"localhost:8083","method":"POST","uri":"/todos","status":200, "latency":1022572900,"latency_human":"1.0225729s","bytes_in":54,"bytes_out":96}
{"time":"2019-05-17T14:50:31+07:00","id":"","remote_ip":"::1","host":"localhost:8083","method":"POST","uri":"/todos","status":200, "latency":1024116200,"latency_human":"1.0241162s","bytes_in":54,"bytes_out":96}
{"time":"2019-05-17T14:52:22+07:00","id":"","remote_ip":"::1","host":"localhost:8083","method":"POST","uri":"/todos","status":200, "latency":0,"latency_human":"0s","bytes_in":54,"bytes_out":96}
{"time":"2019-05-17T14:52:30+07:00","id":"","remote_ip":"::1","host":"localhost:8083","method":"POST","uri":"/todos","status":200, "latency":0,"latency_human":"0s","bytes_in":54,"bytes_out":96}
{"time":"2019-05-17T14:52:31+07:00","id":"","remote_ip":"::1","host":"localhost:8083","method":"POST","uri":"/todos","status":200, "latency":0,"latency_human":"0s","bytes_in":54,"bytes_out":96}
{"time":"2019-05-17T14:52:32+07:00","id":"","remote_ip":"::1","host":"localhost:8083","method":"POST","uri":"/todos","status":200, "latency":999300,"latency_human":"999.3µs","bytes_in":54,"bytes_out":96}
{"time":"2019-05-17T14:52:33+07:00","id":"","remote_ip":"::1","host":"localhost:8083","method":"POST","uri":"/todos","status":200, "latency":0,"latency_human":"0s","bytes_in":54,"bytes_out":96}
{"time":"2019-05-17T14:52:34+07:00","id":"","remote_ip":"::1","host":"localhost:8083","method":"POST","uri":"/todos","status":200, "latency":0,"latency_human":"0s","bytes_in":54,"bytes_out":96}
{"time":"2019-05-17T14:52:34+07:00","id":"","remote_ip":"::1","host":"localhost:8083","method":"POST","uri":"/todos","status":200, "latency":0,"latency_human":"0s","bytes_in":54,"bytes_out":96}
{"time":"2019-05-17T14:52:35+07:00","id":"","remote_ip":"::1","host":"localhost:8083","method":"POST","uri":"/todos","status":200, "latency":0,"latency_human":"0s","bytes_in":54,"bytes_out":96}
{"time":"2019-05-17T14:52:36+07:00","id":"","remote_ip":"::1","host":"localhost:8083","method":"POST","uri":"/todos","status":200, "latency":0,"latency_human":"0s","bytes_in":54,"bytes_out":96}
{"time":"2019-05-17T14:52:36+07:00","id":"","remote_ip":"::1","host":"localhost:8083","method":"POST","uri":"/todos","status":200, "latency":0,"latency_human":"0s","bytes_in":54,"bytes_out":96}
{"time":"2019-05-17T14:52:37+07:00","id":"","remote_ip":"::1","host":"localhost:8083","method":"POST","uri":"/todos","status":200, "latency":0,"latency_human":"0s","bytes_in":54,"bytes_out":96}
{"time":"2019-05-17T14:52:37+07:00","id":"","remote_ip":"::1","host":"localhost:8083","method":"POST","uri":"/todos","status":200, "latency":0,"latency_human":"0s","bytes_in":54,"bytes_out":96}
{"time":"2019-05-17T14:52:38+07:00","id":"","remote_ip":"::1","host":"localhost:8083","method":"POST","uri":"/todos","status":200, "latency":0,"latency_human":"0s","bytes_in":54,"bytes_out":96}
{"time":"2019-05-17T14:52:39+07:00","id":"","remote_ip":"::1","host":"localhost:8083","method":"POST","uri":"/todos","status":200, "latency":0,"latency_human":"0s","bytes_in":54,"bytes_out":96}
{"time":"2019-05-17T14:52:39+07:00","id":"","remote_ip":"::1","host":"localhost:8083","method":"POST","uri":"/todos","status":200, "latency":0,"latency_human":"0s","bytes_in":54,"bytes_out":96}
{"time":"2019-05-17T14:52:40+07:00","id":"","remote_ip":"::1","host":"localhost:8083","method":"POST","uri":"/todos","status":200, "latency":0,"latency_human":"0s","bytes_in":54,"bytes_out":96}
{"time":"2019-05-17T14:52:41+07:00","id":"","remote_ip":"::1","host":"localhost:8083","method":"POST","uri":"/todos","status":200, "latency":0,"latency_human":"0s","bytes_in":54,"bytes_out":96}
{"time":"2019-05-17T14:52:41+07:00","id":"","remote_ip":"::1","host":"localhost:8083","method":"POST","uri":"/todos","status":200, "latency":0,"latency_human":"0s","bytes_in":54,"bytes_out":96}
{"time":"2019-05-17T14:52:47+07:00","id":"","remote_ip":"::1","host":"localhost:8083","method":"POST","uri":"/todos","status":200, "latency":0,"latency_human":"0s","bytes_in":54,"bytes_out":96}
{"time":"2019-05-17T14:52:48+07:00","id":"","remote_ip":"::1","host":"localhost:8083","method":"POST","uri":"/todos","status":200, "latency":0,"latency_human":"0s","bytes_in":54,"bytes_out":96}
{"time":"2019-05-17T14:52:48+07:00","id":"","remote_ip":"::1","host":"localhost:8083","method":"POST","uri":"/todos","status":200, "latency":0,"latency_human":"0s","bytes_in":54,"bytes_out":96}
{"time":"2019-05-17T14:52:49+07:00","id":"","remote_ip":"::1","host":"localhost:8083","method":"POST","uri":"/todos","status":200, "latency":0,"latency_human":"0s","bytes_in":54,"bytes_out":96}
{"time":"2019-05-17T14:52:49+07:00","id":"","remote_ip":"::1","host":"localhost:8083","method":"POST","uri":"/todos","status":200, "latency":0,"latency_human":"0s","bytes_in":54,"bytes_out":96}
{"time":"2019-05-17T14:52:49+07:00","id":"","remote_ip":"::1","host":"localhost:8083","method":"POST","uri":"/todos","status":200, "latency":0,"latency_human":"0s","bytes_in":54,"bytes_out":96}
{"time":"2019-05-17T14:52:50+07:00","id":"","remote_ip":"::1","host":"localhost:8083","method":"POST","uri":"/todos","status":200, "latency":0,"latency_human":"0s","bytes_in":54,"bytes_out":96}
{"time":"2019-05-17T14:52:50+07:00","id":"","remote_ip":"::1","host":"localhost:8083","method":"POST","uri":"/todos","status":200, "latency":0,"latency_human":"0s","bytes_in":54,"bytes_out":96}
{"time":"2019-05-17T14:52:53+07:00","id":"","remote_ip":"::1","host":"localhost:8083","method":"POST","uri":"/todos","status":200, "latency":0,"latency_human":"0s","bytes_in":54,"bytes_out":96}
{"time":"2019-05-17T14:52:54+07:00","id":"","remote_ip":"::1","host":"localhost:8083","method":"POST","uri":"/todos","status":200, "latency":985900,"latency_human":"985.9µs","bytes_in":54,"bytes_out":96}
{"time":"2019-05-17T14:52:54+07:00","id":"","remote_ip":"::1","host":"localhost:8083","method":"POST","uri":"/todos","status":200, "latency":0,"latency_human":"0s","bytes_in":54,"bytes_out":96}
{"time":"2019-05-17T14:52:54+07:00","id":"","remote_ip":"::1","host":"localhost:8083","method":"POST","uri":"/todos","status":200, "latency":0,"latency_human":"0s","bytes_in":54,"bytes_out":96}
{"time":"2019-05-17T14:52:55+07:00","id":"","remote_ip":"::1","host":"localhost:8083","method":"POST","uri":"/todos","status":200, "latency":0,"latency_human":"0s","bytes_in":54,"bytes_out":96}
{"time":"2019-05-17T14:52:56+07:00","id":"","remote_ip":"::1","host":"localhost:8083","method":"POST","uri":"/todos","status":200, "latency":0,"latency_human":"0s","bytes_in":54,"bytes_out":96}
{"time":"2019-05-17T14:55:48+07:00","id":"","remote_ip":"::1","host":"localhost:8083","method":"POST","uri":"/todos","status":200, "latency":0,"latency_human":"0s","bytes_in":54,"bytes_out":96}
{"time":"2019-05-17T14:56:30+07:00","id":"","remote_ip":"::1","host":"localhost:8083","method":"POST","uri":"/todos","status":200, "latency":0,"latency_human":"0s","bytes_in":54,"bytes_out":96}
{"time":"2019-05-17T14:56:31+07:00","id":"","remote_ip":"::1","host":"localhost:8083","method":"POST","uri":"/todos","status":200, "latency":0,"latency_human":"0s","bytes_in":54,"bytes_out":96}
{"time":"2019-05-17T14:56:32+07:00","id":"","remote_ip":"::1","host":"localhost:8083","method":"POST","uri":"/todos","status":200, "latency":0,"latency_human":"0s","bytes_in":54,"bytes_out":96}
{"time":"2019-05-17T14:56:33+07:00","id":"","remote_ip":"::1","host":"localhost:8083","method":"POST","uri":"/todos","status":200, "latency":0,"latency_human":"0s","bytes_in":54,"bytes_out":96}
{"time":"2019-05-17T14:56:34+07:00","id":"","remote_ip":"::1","host":"localhost:8083","method":"POST","uri":"/todos","status":200, "latency":0,"latency_human":"0s","bytes_in":54,"bytes_out":96}
{"time":"2019-05-17T14:56:35+07:00","id":"","remote_ip":"::1","host":"localhost:8083","method":"POST","uri":"/todos","status":200, "latency":0,"latency_human":"0s","bytes_in":54,"bytes_out":96}
{"time":"2019-05-17T14:56:36+07:00","id":"","remote_ip":"::1","host":"localhost:8083","method":"POST","uri":"/todos","status":200, "latency":0,"latency_human":"0s","bytes_in":54,"bytes_out":96}
{"time":"2019-05-17T14:56:37+07:00","id":"","remote_ip":"::1","host":"localhost:8083","method":"POST","uri":"/todos","status":200, "latency":1000200,"latency_human":"1.0002ms","bytes_in":54,"bytes_out":96}
{"time":"2019-05-17T14:56:37+07:00","id":"","remote_ip":"::1","host":"localhost:8083","method":"POST","uri":"/todos","status":200, "latency":0,"latency_human":"0s","bytes_in":54,"bytes_out":96}
{"time":"2019-05-17T14:56:38+07:00","id":"","remote_ip":"::1","host":"localhost:8083","method":"POST","uri":"/todos","status":200, "latency":0,"latency_human":"0s","bytes_in":54,"bytes_out":96}
{"time":"2019-05-17T14:56:39+07:00","id":"","remote_ip":"::1","host":"localhost:8083","method":"POST","uri":"/todos","status":200, "latency":0,"latency_human":"0s","bytes_in":54,"bytes_out":96}
{"time":"2019-05-17T14:56:40+07:00","id":"","remote_ip":"::1","host":"localhost:8083","method":"POST","uri":"/todos","status":200, "latency":0,"latency_human":"0s","bytes_in":54,"bytes_out":96}
{"time":"2019-05-17T14:56:41+07:00","id":"","remote_ip":"::1","host":"localhost:8083","method":"POST","uri":"/todos","status":200, "latency":0,"latency_human":"0s","bytes_in":54,"bytes_out":96}
{"time":"2019-05-17T14:56:42+07:00","id":"","remote_ip":"::1","host":"localhost:8083","method":"POST","uri":"/todos","status":200, "latency":500500,"latency_human":"500.5µs","bytes_in":54,"bytes_out":96}
{"time":"2019-05-17T14:56:42+07:00","id":"","remote_ip":"::1","host":"localhost:8083","method":"POST","uri":"/todos","status":200, "latency":0,"latency_human":"0s","bytes_in":54,"bytes_out":96}
{"time":"2019-05-17T14:56:43+07:00","id":"","remote_ip":"::1","host":"localhost:8083","method":"POST","uri":"/todos","status":200, "latency":0,"latency_human":"0s","bytes_in":54,"bytes_out":96}
{"time":"2019-05-17T14:56:43+07:00","id":"","remote_ip":"::1","host":"localhost:8083","method":"POST","uri":"/todos","status":200, "latency":0,"latency_human":"0s","bytes_in":54,"bytes_out":96}
{"time":"2019-05-17T14:56:43+07:00","id":"","remote_ip":"::1","host":"localhost:8083","method":"POST","uri":"/todos","status":200, "latency":1013600,"latency_human":"1.0136ms","bytes_in":54,"bytes_out":96}
{"time":"2019-05-17T14:56:47+07:00","id":"","remote_ip":"::1","host":"localhost:8083","method":"POST","uri":"/todos","status":200, "latency":0,"latency_human":"0s","bytes_in":54,"bytes_out":96}
{"time":"2019-05-17T14:56:48+07:00","id":"","remote_ip":"::1","host":"localhost:8083","method":"POST","uri":"/todos","status":200, "latency":0,"latency_human":"0s","bytes_in":54,"bytes_out":96}
{"time":"2019-05-17T14:56:48+07:00","id":"","remote_ip":"::1","host":"localhost:8083","method":"POST","uri":"/todos","status":200, "latency":0,"latency_human":"0s","bytes_in":54,"bytes_out":96}
{"time":"2019-05-17T14:56:49+07:00","id":"","remote_ip":"::1","host":"localhost:8083","method":"POST","uri":"/todos","status":200, "latency":0,"latency_human":"0s","bytes_in":54,"bytes_out":96}
{"time":"2019-05-17T14:56:49+07:00","id":"","remote_ip":"::1","host":"localhost:8083","method":"POST","uri":"/todos","status":200, "latency":0,"latency_human":"0s","bytes_in":54,"bytes_out":96}
{"time":"2019-05-17T14:56:50+07:00","id":"","remote_ip":"::1","host":"localhost:8083","method":"POST","uri":"/todos","status":200, "latency":0,"latency_human":"0s","bytes_in":54,"bytes_out":96}
{"time":"2019-05-17T14:56:50+07:00","id":"","remote_ip":"::1","host":"localhost:8083","method":"POST","uri":"/todos","status":200, "latency":0,"latency_human":"0s","bytes_in":54,"bytes_out":96}
{"time":"2019-05-17T14:56:52+07:00","id":"","remote_ip":"::1","host":"localhost:8083","method":"POST","uri":"/todos","status":200, "latency":0,"latency_human":"0s","bytes_in":54,"bytes_out":96}
{"time":"2019-05-17T14:56:53+07:00","id":"","remote_ip":"::1","host":"localhost:8083","method":"POST","uri":"/todos","status":200, "latency":0,"latency_human":"0s","bytes_in":54,"bytes_out":96}
{"time":"2019-05-17T14:56:53+07:00","id":"","remote_ip":"::1","host":"localhost:8083","method":"POST","uri":"/todos","status":200, "latency":0,"latency_human":"0s","bytes_in":54,"bytes_out":96}
{"time":"2019-05-17T14:56:54+07:00","id":"","remote_ip":"::1","host":"localhost:8083","method":"POST","uri":"/todos","status":200, "latency":0,"latency_human":"0s","bytes_in":54,"bytes_out":96}
{"time":"2019-05-17T14:56:54+07:00","id":"","remote_ip":"::1","host":"localhost:8083","method":"POST","uri":"/todos","status":200, "latency":0,"latency_human":"0s","bytes_in":54,"bytes_out":96}
{"time":"2019-05-17T14:56:55+07:00","id":"","remote_ip":"::1","host":"localhost:8083","method":"POST","uri":"/todos","status":200, "latency":0,"latency_human":"0s","bytes_in":54,"bytes_out":96}
{"time":"2019-05-17T14:56:55+07:00","id":"","remote_ip":"::1","host":"localhost:8083","method":"POST","uri":"/todos","status":200, "latency":0,"latency_human":"0s","bytes_in":54,"bytes_out":96}
{"time":"2019-05-17T14:56:56+07:00","id":"","remote_ip":"::1","host":"localhost:8083","method":"POST","uri":"/todos","status":200, "latency":0,"latency_human":"0s","bytes_in":54,"bytes_out":96}
{"time":"2019-05-17T14:56:56+07:00","id":"","remote_ip":"::1","host":"localhost:8083","method":"POST","uri":"/todos","status":200, "latency":0,"latency_human":"0s","bytes_in":54,"bytes_out":96}
{"time":"2019-05-17T15:02:09+07:00","id":"","remote_ip":"::1","host":"localhost:8083","method":"POST","uri":"/todos","status":200, "latency":1023221100,"latency_human":"1.0232211s","bytes_in":54,"bytes_out":96}
{"time":"2019-05-17T15:06:13+07:00","id":"","remote_ip":"::1","host":"localhost:8083","method":"POST","uri":"/todos","status":200, "latency":9006200,"latency_human":"9.0062ms","bytes_in":54,"bytes_out":96}
{"time":"2019-05-17T15:22:20+07:00","id":"","remote_ip":"::1","host":"localhost:8083","method":"POST","uri":"/todos","status":200, "latency":2020235300,"latency_human":"2.0202353s","bytes_in":54,"bytes_out":96}
{"time":"2019-05-17T15:24:23+07:00","id":"","remote_ip":"::1","host":"localhost:8083","method":"POST","uri":"/todos","status":200, "latency":2075663800,"latency_human":"2.0756638s","bytes_in":54,"bytes_out":96}
{"time":"2019-05-17T15:25:27+07:00","id":"","remote_ip":"::1","host":"localhost:8083","method":"POST","uri":"/todos","status":200, "latency":0,"latency_human":"0s","bytes_in":54,"bytes_out":72}
{"time":"2019-05-17T15:26:05+07:00","id":"","remote_ip":"::1","host":"localhost:8083","method":"POST","uri":"/todos","status":200, "latency":500500,"latency_human":"500.5µs","bytes_in":54,"bytes_out":72}
{"time":"2019-05-17T15:26:09+07:00","id":"","remote_ip":"::1","host":"localhost:8083","method":"POST","uri":"/todos","status":200, "latency":0,"latency_human":"0s","bytes_in":54,"bytes_out":72}
{"time":"2019-05-17T15:26:10+07:00","id":"","remote_ip":"::1","host":"localhost:8083","method":"POST","uri":"/todos","status":200, "latency":0,"latency_human":"0s","bytes_in":54,"bytes_out":72}
{"time":"2019-05-17T15:26:10+07:00","id":"","remote_ip":"::1","host":"localhost:8083","method":"POST","uri":"/todos","status":200, "latency":0,"latency_human":"0s","bytes_in":54,"bytes_out":72}
{"time":"2019-05-17T15:26:11+07:00","id":"","remote_ip":"::1","host":"localhost:8083","method":"POST","uri":"/todos","status":200, "latency":0,"latency_human":"0s","bytes_in":54,"bytes_out":72}
{"time":"2019-05-17T15:26:12+07:00","id":"","remote_ip":"::1","host":"localhost:8083","method":"POST","uri":"/todos","status":200, "latency":0,"latency_human":"0s","bytes_in":54,"bytes_out":72}
{"time":"2019-05-17T15:26:12+07:00","id":"","remote_ip":"::1","host":"localhost:8083","method":"POST","uri":"/todos","status":200, "latency":0,"latency_human":"0s","bytes_in":54,"bytes_out":72}
{"time":"2019-05-17T15:26:45+07:00","id":"","remote_ip":"::1","host":"localhost:8083","method":"POST","uri":"/todos","status":200, "latency":0,"latency_human":"0s","bytes_in":54,"bytes_out":72}
{"time":"2019-05-17T15:26:46+07:00","id":"","remote_ip":"::1","host":"localhost:8083","method":"POST","uri":"/todos","status":200, "latency":1000900,"latency_human":"1.0009ms","bytes_in":54,"bytes_out":72}
{"time":"2019-05-17T15:26:47+07:00","id":"","remote_ip":"::1","host":"localhost:8083","method":"POST","uri":"/todos","status":200, "latency":0,"latency_human":"0s","bytes_in":54,"bytes_out":72}
{"time":"2019-05-17T15:26:48+07:00","id":"","remote_ip":"::1","host":"localhost:8083","method":"POST","uri":"/todos","status":200, "latency":0,"latency_human":"0s","bytes_in":54,"bytes_out":72}
{"time":"2019-05-17T15:26:48+07:00","id":"","remote_ip":"::1","host":"localhost:8083","method":"POST","uri":"/todos","status":200, "latency":0,"latency_human":"0s","bytes_in":54,"bytes_out":72}
{"time":"2019-05-17T15:26:49+07:00","id":"","remote_ip":"::1","host":"localhost:8083","method":"POST","uri":"/todos","status":200, "latency":0,"latency_human":"0s","bytes_in":54,"bytes_out":72}
{"time":"2019-05-17T15:26:50+07:00","id":"","remote_ip":"::1","host":"localhost:8083","method":"POST","uri":"/todos","status":200, "latency":0,"latency_human":"0s","bytes_in":54,"bytes_out":72}
{"time":"2019-05-17T15:26:51+07:00","id":"","remote_ip":"::1","host":"localhost:8083","method":"POST","uri":"/todos","status":200, "latency":0,"latency_human":"0s","bytes_in":54,"bytes_out":72}
{"time":"2019-05-17T15:26:51+07:00","id":"","remote_ip":"::1","host":"localhost:8083","method":"POST","uri":"/todos","status":200, "latency":0,"latency_human":"0s","bytes_in":54,"bytes_out":72}
{"time":"2019-05-17T15:26:52+07:00","id":"","remote_ip":"::1","host":"localhost:8083","method":"POST","uri":"/todos","status":200, "latency":0,"latency_human":"0s","bytes_in":54,"bytes_out":72}
{"time":"2019-05-17T15:26:53+07:00","id":"","remote_ip":"::1","host":"localhost:8083","method":"POST","uri":"/todos","status":200, "latency":0,"latency_human":"0s","bytes_in":54,"bytes_out":72}
{"time":"2019-05-17T15:26:54+07:00","id":"","remote_ip":"::1","host":"localhost:8083","method":"POST","uri":"/todos","status":200, "latency":0,"latency_human":"0s","bytes_in":54,"bytes_out":72}
{"time":"2019-05-17T15:26:54+07:00","id":"","remote_ip":"::1","host":"localhost:8083","method":"POST","uri":"/todos","status":200, "latency":0,"latency_human":"0s","bytes_in":54,"bytes_out":72}
{"time":"2019-05-17T15:26:55+07:00","id":"","remote_ip":"::1","host":"localhost:8083","method":"POST","uri":"/todos","status":200, "latency":0,"latency_human":"0s","bytes_in":54,"bytes_out":72}
{"time":"2019-05-17T15:26:56+07:00","id":"","remote_ip":"::1","host":"localhost:8083","method":"POST","uri":"/todos","status":200, "latency":0,"latency_human":"0s","bytes_in":54,"bytes_out":72}
{"time":"2019-05-17T15:26:56+07:00","id":"","remote_ip":"::1","host":"localhost:8083","method":"POST","uri":"/todos","status":200, "latency":0,"latency_human":"0s","bytes_in":54,"bytes_out":72}
{"time":"2019-05-17T15:27:14+07:00","id":"","remote_ip":"::1","host":"localhost:8083","method":"POST","uri":"/todos","status":200, "latency":500400,"latency_human":"500.4µs","bytes_in":54,"bytes_out":72}
{"time":"2019-05-17T15:27:16+07:00","id":"","remote_ip":"::1","host":"localhost:8083","method":"POST","uri":"/todos","status":200, "latency":0,"latency_human":"0s","bytes_in":54,"bytes_out":72}
{"time":"2019-05-17T15:27:16+07:00","id":"","remote_ip":"::1","host":"localhost:8083","method":"POST","uri":"/todos","status":200, "latency":0,"latency_human":"0s","bytes_in":54,"bytes_out":72}
{"time":"2019-05-17T15:27:17+07:00","id":"","remote_ip":"::1","host":"localhost:8083","method":"POST","uri":"/todos","status":200, "latency":0,"latency_human":"0s","bytes_in":54,"bytes_out":72}
{"time":"2019-05-17T15:27:18+07:00","id":"","remote_ip":"::1","host":"localhost:8083","method":"POST","uri":"/todos","status":200, "latency":0,"latency_human":"0s","bytes_in":54,"bytes_out":72}
{"time":"2019-05-17T15:27:19+07:00","id":"","remote_ip":"::1","host":"localhost:8083","method":"POST","uri":"/todos","status":200, "latency":500400,"latency_human":"500.4µs","bytes_in":54,"bytes_out":72}
{"time":"2019-05-17T15:27:19+07:00","id":"","remote_ip":"::1","host":"localhost:8083","method":"POST","uri":"/todos","status":200, "latency":0,"latency_human":"0s","bytes_in":54,"bytes_out":72}
{"time":"2019-05-17T15:34:36+07:00","id":"","remote_ip":"::1","host":"localhost:8083","method":"POST","uri":"/todos","status":200, "latency":0,"latency_human":"0s","bytes_in":54,"bytes_out":72}
{"time":"2019-05-17T15:36:18+07:00","id":"","remote_ip":"::1","host":"localhost:8083","method":"POST","uri":"/todos","status":200, "latency":2022442000,"latency_human":"2.022442s","bytes_in":54,"bytes_out":96}
{"time":"2019-05-17T15:37:07+07:00","id":"","remote_ip":"::1","host":"localhost:8083","method":"POST","uri":"/todos","status":200, "latency":2020155000,"latency_human":"2.020155s","bytes_in":54,"bytes_out":96}
{"time":"2019-05-17T15:37:12+07:00","id":"","remote_ip":"::1","host":"localhost:8083","method":"POST","uri":"/todos","status":200, "latency":2020626600,"latency_human":"2.0206266s","bytes_in":54,"bytes_out":96}
{"time":"2019-05-17T15:37:15+07:00","id":"","remote_ip":"::1","host":"localhost:8083","method":"POST","uri":"/todos","status":200, "latency":2019152600,"latency_human":"2.0191526s","bytes_in":54,"bytes_out":96}
{"time":"2019-05-17T15:37:18+07:00","id":"","remote_ip":"::1","host":"localhost:8083","method":"POST","uri":"/todos","status":200, "latency":2022473700,"latency_human":"2.0224737s","bytes_in":54,"bytes_out":96}
{"time":"2019-05-17T15:37:21+07:00","id":"","remote_ip":"::1","host":"localhost:8083","method":"POST","uri":"/todos","status":200, "latency":2017609700,"latency_human":"2.0176097s","bytes_in":54,"bytes_out":96}
{"time":"2019-05-17T15:38:41+07:00","id":"","remote_ip":"::1","host":"localhost:8083","method":"POST","uri":"/todos","status":200, "latency":2024011100,"latency_human":"2.0240111s","bytes_in":54,"bytes_out":64}
{"time":"2019-05-17T15:41:51+07:00","id":"","remote_ip":"::1","host":"localhost:8083","method":"POST","uri":"/todos","status":200, "latency":2023745100,"latency_human":"2.0237451s","bytes_in":54,"bytes_out":64}
{"time":"2019-05-17T16:26:50+07:00","id":"","remote_ip":"::1","host":"localhost:8083","method":"POST","uri":"/todos","status":200, "latency":1019812300,"latency_human":"1.0198123s","bytes_in":54,"bytes_out":96}
{"time":"2019-05-17T16:26:58+07:00","id":"","remote_ip":"::1","host":"localhost:8083","method":"POST","uri":"/todos","status":200, "latency":1000900,"latency_human":"1.0009ms","bytes_in":54,"bytes_out":96}
{"time":"2019-05-17T16:26:59+07:00","id":"","remote_ip":"::1","host":"localhost:8083","method":"POST","uri":"/todos","status":200, "latency":1984900,"latency_human":"1.9849ms","bytes_in":54,"bytes_out":96}
{"time":"2019-05-17T16:27:00+07:00","id":"","remote_ip":"::1","host":"localhost:8083","method":"POST","uri":"/todos","status":200, "latency":1006500,"latency_human":"1.0065ms","bytes_in":54,"bytes_out":96}
{"time":"2019-05-17T16:27:01+07:00","id":"","remote_ip":"::1","host":"localhost:8083","method":"POST","uri":"/todos","status":200, "latency":1018200,"latency_human":"1.0182ms","bytes_in":54,"bytes_out":96}
{"time":"2019-05-17T16:27:02+07:00","id":"","remote_ip":"::1","host":"localhost:8083","method":"POST","uri":"/todos","status":200, "latency":2001700,"latency_human":"2.0017ms","bytes_in":54,"bytes_out":96}
{"time":"2019-05-17T16:27:02+07:00","id":"","remote_ip":"::1","host":"localhost:8083","method":"POST","uri":"/todos","status":200, "latency":1000500,"latency_human":"1.0005ms","bytes_in":54,"bytes_out":96}
{"time":"2019-05-17T16:27:03+07:00","id":"","remote_ip":"::1","host":"localhost:8083","method":"POST","uri":"/todos","status":200, "latency":999900,"latency_human":"999.9µs","bytes_in":54,"bytes_out":96}
{"time":"2019-05-17T16:27:10+07:00","id":"","remote_ip":"::1","host":"localhost:8083","method":"POST","uri":"/todos","status":200, "latency":1018300,"latency_human":"1.0183ms","bytes_in":51,"bytes_out":93}
{"time":"2019-05-17T16:28:01+07:00","id":"","remote_ip":"::1","host":"localhost:8083","method":"POST","uri":"/todos","status":200, "latency":1009300,"latency_human":"1.0093ms","bytes_in":51,"bytes_out":93}
{"time":"2019-05-17T16:55:30+07:00","id":"","remote_ip":"::1","host":"localhost:8083","method":"POST","uri":"/todos","status":200, "latency":1027210900,"latency_human":"1.0272109s","bytes_in":49,"bytes_out":91}
{"time":"2019-05-17T16:55:46+07:00","id":"","remote_ip":"::1","host":"localhost:8083","method":"GET","uri":"/todo/5cde8511d93fba28133878b8","status":404, "latency":0,"latency_human":"0s","bytes_in":49,"bytes_out":24}
{"time":"2019-05-17T16:56:29+07:00","id":"","remote_ip":"::1","host":"localhost:8083","method":"POST","uri":"/todos","status":200, "latency":1019256600,"latency_human":"1.0192566s","bytes_in":54,"bytes_out":96}
{"time":"2019-05-17T16:56:41+07:00","id":"","remote_ip":"::1","host":"localhost:8083","method":"GET","uri":"/todo/5cde854cd1952e4f3bf7eca0","status":200, "latency":3001700,"latency_human":"3.0017ms","bytes_in":54,"bytes_out":96}
{"time":"2019-05-17T17:11:47+07:00","id":"","remote_ip":"::1","host":"localhost:8083","method":"POST","uri":"/todos","status":200, "latency":1020282300,"latency_human":"1.0202823s","bytes_in":57,"bytes_out":99}
{"time":"2019-05-17T17:11:56+07:00","id":"","remote_ip":"::1","host":"localhost:8083","method":"GET","uri":"/todo/5cde88e2b09a5b7552093829","status":200, "latency":1000500,"latency_human":"1.0005ms","bytes_in":57,"bytes_out":99}
{"time":"2019-05-17T17:12:03+07:00","id":"","remote_ip":"::1","host":"localhost:8083","method":"GET","uri":"/todos","status":200, "latency":1000200,"latency_human":"1.0002ms","bytes_in":57,"bytes_out":5}
{"time":"2019-05-17T17:14:22+07:00","id":"","remote_ip":"::1","host":"localhost:8083","method":"POST","uri":"/todos","status":200, "latency":1019215100,"latency_human":"1.0192151s","bytes_in":58,"bytes_out":100}
{"time":"2019-05-17T17:14:32+07:00","id":"","remote_ip":"::1","host":"localhost:8083","method":"GET","uri":"/todo/5cde897dc6680c9218ce79d6","status":200, "latency":1017900,"latency_human":"1.0179ms","bytes_in":58,"bytes_out":100}
{"time":"2019-05-17T17:21:14+07:00","id":"","remote_ip":"::1","host":"localhost:8083","method":"GET","uri":"/todos","status":200, "latency":1159164100,"latency_human":"1.1591641s","bytes_in":58,"bytes_out":2110}
{"time":"2019-05-17T17:21:30+07:00","id":"","remote_ip":"::1","host":"localhost:8083","method":"GET","uri":"/todos","status":200, "latency":142031200,"latency_human":"142.0312ms","bytes_in":58,"bytes_out":2110}
{"time":"2019-05-17T17:21:32+07:00","id":"","remote_ip":"::1","host":"localhost:8083","method":"GET","uri":"/todos","status":200, "latency":145106000,"latency_human":"145.106ms","bytes_in":58,"bytes_out":2110}
{"time":"2019-05-17T17:21:33+07:00","id":"","remote_ip":"::1","host":"localhost:8083","method":"GET","uri":"/todos","status":200, "latency":147319500,"latency_human":"147.3195ms","bytes_in":58,"bytes_out":2110}
{"time":"2019-05-17T17:21:33+07:00","id":"","remote_ip":"::1","host":"localhost:8083","method":"GET","uri":"/todos","status":200, "latency":150110300,"latency_human":"150.1103ms","bytes_in":58,"bytes_out":2110}
{"time":"2019-05-17T17:21:34+07:00","id":"","remote_ip":"::1","host":"localhost:8083","method":"GET","uri":"/todos","status":200, "latency":132500300,"latency_human":"132.5003ms","bytes_in":58,"bytes_out":2110}
{"time":"2019-05-17T17:21:35+07:00","id":"","remote_ip":"::1","host":"localhost:8083","method":"GET","uri":"/todos","status":200, "latency":136238800,"latency_human":"136.2388ms","bytes_in":58,"bytes_out":2110}
{"time":"2019-05-17T17:21:36+07:00","id":"","remote_ip":"::1","host":"localhost:8083","method":"GET","uri":"/todos","status":200, "latency":140833200,"latency_human":"140.8332ms","bytes_in":58,"bytes_out":2110}
{"time":"2019-05-17T17:21:37+07:00","id":"","remote_ip":"::1","host":"localhost:8083","method":"GET","uri":"/todos","status":200, "latency":150624800,"latency_human":"150.6248ms","bytes_in":58,"bytes_out":2110}
{"time":"2019-05-17T17:22:08+07:00","id":"","remote_ip":"::1","host":"localhost:8083","method":"GET","uri":"/todos","status":200, "latency":144106400,"latency_human":"144.1064ms","bytes_in":58,"bytes_out":2110}
{"time":"2019-05-17T17:22:10+07:00","id":"","remote_ip":"::1","host":"localhost:8083","method":"GET","uri":"/todos","status":200, "latency":131893600,"latency_human":"131.8936ms","bytes_in":58,"bytes_out":2110}
{"time":"2019-05-17T17:22:10+07:00","id":"","remote_ip":"::1","host":"localhost:8083","method":"GET","uri":"/todos","status":200, "latency":138136300,"latency_human":"138.1363ms","bytes_in":58,"bytes_out":2110}
{"time":"2019-05-17T17:22:11+07:00","id":"","remote_ip":"::1","host":"localhost:8083","method":"GET","uri":"/todos","status":200, "latency":139602800,"latency_human":"139.6028ms","bytes_in":58,"bytes_out":2110}
{"time":"2019-05-17T17:22:12+07:00","id":"","remote_ip":"::1","host":"localhost:8083","method":"GET","uri":"/todos","status":200, "latency":140608900,"latency_human":"140.6089ms","bytes_in":58,"bytes_out":2110}
{"time":"2019-05-17T17:22:13+07:00","id":"","remote_ip":"::1","host":"localhost:8083","method":"GET","uri":"/todos","status":200, "latency":140166300,"latency_human":"140.1663ms","bytes_in":58,"bytes_out":2110}
{"time":"2019-05-17T17:22:14+07:00","id":"","remote_ip":"::1","host":"localhost:8083","method":"GET","uri":"/todos","status":200, "latency":138309600,"latency_human":"138.3096ms","bytes_in":58,"bytes_out":2110}
{"time":"2019-05-17T17:22:15+07:00","id":"","remote_ip":"::1","host":"localhost:8083","method":"GET","uri":"/todos","status":200, "latency":141103200,"latency_human":"141.1032ms","bytes_in":58,"bytes_out":2110}
{"time":"2019-05-17T17:22:26+07:00","id":"","remote_ip":"::1","host":"localhost:8083","method":"POST","uri":"/todos","status":200, "latency":1001100,"latency_human":"1.0011ms","bytes_in":58,"bytes_out":100}
{"time":"2019-05-17T17:22:28+07:00","id":"","remote_ip":"::1","host":"localhost:8083","method":"POST","uri":"/todos","status":200, "latency":1002700,"latency_human":"1.0027ms","bytes_in":58,"bytes_out":100}
{"time":"2019-05-17T17:22:28+07:00","id":"","remote_ip":"::1","host":"localhost:8083","method":"POST","uri":"/todos","status":200, "latency":2001700,"latency_human":"2.0017ms","bytes_in":58,"bytes_out":100}
{"time":"2019-05-17T17:22:29+07:00","id":"","remote_ip":"::1","host":"localhost:8083","method":"POST","uri":"/todos","status":200, "latency":1000900,"latency_human":"1.0009ms","bytes_in":58,"bytes_out":100}
{"time":"2019-05-17T17:22:29+07:00","id":"","remote_ip":"::1","host":"localhost:8083","method":"POST","uri":"/todos","status":200, "latency":1501900,"latency_human":"1.5019ms","bytes_in":58,"bytes_out":100}
{"time":"2019-05-17T17:22:30+07:00","id":"","remote_ip":"::1","host":"localhost:8083","method":"POST","uri":"/todos","status":200, "latency":2022200,"latency_human":"2.0222ms","bytes_in":58,"bytes_out":100}
{"time":"2019-05-17T17:22:33+07:00","id":"","remote_ip":"::1","host":"localhost:8083","method":"POST","uri":"/todos","status":200, "latency":1997700,"latency_human":"1.9977ms","bytes_in":58,"bytes_out":100}
{"time":"2019-05-17T17:22:34+07:00","id":"","remote_ip":"::1","host":"localhost:8083","method":"POST","uri":"/todos","status":200, "latency":2000800,"latency_human":"2.0008ms","bytes_in":58,"bytes_out":100}
{"time":"2019-05-17T17:22:34+07:00","id":"","remote_ip":"::1","host":"localhost:8083","method":"POST","uri":"/todos","status":200, "latency":2002700,"latency_human":"2.0027ms","bytes_in":58,"bytes_out":100}
{"time":"2019-05-17T17:22:35+07:00","id":"","remote_ip":"::1","host":"localhost:8083","method":"POST","uri":"/todos","status":200, "latency":1000800,"latency_human":"1.0008ms","bytes_in":58,"bytes_out":100}
{"time":"2019-05-17T17:22:35+07:00","id":"","remote_ip":"::1","host":"localhost:8083","method":"POST","uri":"/todos","status":200, "latency":981900,"latency_human":"981.9µs","bytes_in":58,"bytes_out":100}
{"time":"2019-05-17T17:22:36+07:00","id":"","remote_ip":"::1","host":"localhost:8083","method":"POST","uri":"/todos","status":200, "latency":2040600,"latency_human":"2.0406ms","bytes_in":58,"bytes_out":100}
{"time":"2019-05-17T17:22:36+07:00","id":"","remote_ip":"::1","host":"localhost:8083","method":"POST","uri":"/todos","status":200, "latency":1994300,"latency_human":"1.9943ms","bytes_in":58,"bytes_out":100}
{"time":"2019-05-17T17:22:37+07:00","id":"","remote_ip":"::1","host":"localhost:8083","method":"POST","uri":"/todos","status":200, "latency":1005900,"latency_human":"1.0059ms","bytes_in":58,"bytes_out":100}
{"time":"2019-05-17T17:22:38+07:00","id":"","remote_ip":"::1","host":"localhost:8083","method":"POST","uri":"/todos","status":200, "latency":2018800,"latency_human":"2.0188ms","bytes_in":58,"bytes_out":100}
{"time":"2019-05-17T17:22:38+07:00","id":"","remote_ip":"::1","host":"localhost:8083","method":"POST","uri":"/todos","status":200, "latency":1000500,"latency_human":"1.0005ms","bytes_in":58,"bytes_out":100}
{"time":"2019-05-17T17:22:39+07:00","id":"","remote_ip":"::1","host":"localhost:8083","method":"POST","uri":"/todos","status":200, "latency":999700,"latency_human":"999.7µs","bytes_in":58,"bytes_out":100}
{"time":"2019-05-17T17:22:39+07:00","id":"","remote_ip":"::1","host":"localhost:8083","method":"POST","uri":"/todos","status":200, "latency":988400,"latency_human":"988.4µs","bytes_in":58,"bytes_out":100}
{"time":"2019-05-17T17:22:40+07:00","id":"","remote_ip":"::1","host":"localhost:8083","method":"POST","uri":"/todos","status":200, "latency":1000900,"latency_human":"1.0009ms","bytes_in":58,"bytes_out":100}
{"time":"2019-05-17T17:22:41+07:00","id":"","remote_ip":"::1","host":"localhost:8083","method":"POST","uri":"/todos","status":200, "latency":1000900,"latency_human":"1.0009ms","bytes_in":58,"bytes_out":100}
{"time":"2019-05-17T17:22:42+07:00","id":"","remote_ip":"::1","host":"localhost:8083","method":"POST","uri":"/todos","status":200, "latency":999900,"latency_human":"999.9µs","bytes_in":58,"bytes_out":100}
{"time":"2019-05-17T17:22:42+07:00","id":"","remote_ip":"::1","host":"localhost:8083","method":"POST","uri":"/todos","status":200, "latency":1000900,"latency_human":"1.0009ms","bytes_in":58,"bytes_out":100}
{"time":"2019-05-17T17:22:43+07:00","id":"","remote_ip":"::1","host":"localhost:8083","method":"POST","uri":"/todos","status":200, "latency":2024500,"latency_human":"2.0245ms","bytes_in":58,"bytes_out":100}
{"time":"2019-05-17T17:22:43+07:00","id":"","remote_ip":"::1","host":"localhost:8083","method":"POST","uri":"/todos","status":200, "latency":1000500,"latency_human":"1.0005ms","bytes_in":58,"bytes_out":100}
{"time":"2019-05-17T17:22:44+07:00","id":"","remote_ip":"::1","host":"localhost:8083","method":"POST","uri":"/todos","status":200, "latency":1000800,"latency_human":"1.0008ms","bytes_in":58,"bytes_out":100}
{"time":"2019-05-17T17:22:45+07:00","id":"","remote_ip":"::1","host":"localhost:8083","method":"POST","uri":"/todos","status":200, "latency":992200,"latency_human":"992.2µs","bytes_in":58,"bytes_out":100}
{"time":"2019-05-17T17:22:45+07:00","id":"","remote_ip":"::1","host":"localhost:8083","method":"POST","uri":"/todos","status":200, "latency":1000800,"latency_human":"1.0008ms","bytes_in":58,"bytes_out":100}
{"time":"2019-05-17T17:22:46+07:00","id":"","remote_ip":"::1","host":"localhost:8083","method":"POST","uri":"/todos","status":200, "latency":1000600,"latency_human":"1.0006ms","bytes_in":58,"bytes_out":100}
{"time":"2019-05-17T17:22:46+07:00","id":"","remote_ip":"::1","host":"localhost:8083","method":"POST","uri":"/todos","status":200, "latency":999900,"latency_human":"999.9µs","bytes_in":58,"bytes_out":100}
{"time":"2019-05-17T17:22:47+07:00","id":"","remote_ip":"::1","host":"localhost:8083","method":"POST","uri":"/todos","status":200, "latency":1000000,"latency_human":"1ms","bytes_in":58,"bytes_out":100}
{"time":"2019-05-17T17:22:48+07:00","id":"","remote_ip":"::1","host":"localhost:8083","method":"POST","uri":"/todos","status":200, "latency":2001800,"latency_human":"2.0018ms","bytes_in":58,"bytes_out":100}
{"time":"2019-05-17T17:22:48+07:00","id":"","remote_ip":"::1","host":"localhost:8083","method":"POST","uri":"/todos","status":200, "latency":1501000,"latency_human":"1.501ms","bytes_in":58,"bytes_out":100}
{"time":"2019-05-17T17:22:49+07:00","id":"","remote_ip":"::1","host":"localhost:8083","method":"POST","uri":"/todos","status":200, "latency":1226100,"latency_human":"1.2261ms","bytes_in":58,"bytes_out":100}
{"time":"2019-05-17T17:22:49+07:00","id":"","remote_ip":"::1","host":"localhost:8083","method":"POST","uri":"/todos","status":200, "latency":1018600,"latency_human":"1.0186ms","bytes_in":58,"bytes_out":100}
{"time":"2019-05-17T17:22:50+07:00","id":"","remote_ip":"::1","host":"localhost:8083","method":"POST","uri":"/todos","status":200, "latency":1000300,"latency_human":"1.0003ms","bytes_in":58,"bytes_out":100}
{"time":"2019-05-17T17:22:50+07:00","id":"","remote_ip":"::1","host":"localhost:8083","method":"POST","uri":"/todos","status":200, "latency":2001500,"latency_human":"2.0015ms","bytes_in":58,"bytes_out":100}
{"time":"2019-05-17T17:22:51+07:00","id":"","remote_ip":"::1","host":"localhost:8083","method":"POST","uri":"/todos","status":200, "latency":1007100,"latency_human":"1.0071ms","bytes_in":58,"bytes_out":100}
{"time":"2019-05-17T17:22:51+07:00","id":"","remote_ip":"::1","host":"localhost:8083","method":"POST","uri":"/todos","status":200, "latency":1000600,"latency_human":"1.0006ms","bytes_in":58,"bytes_out":100}
{"time":"2019-05-17T17:22:52+07:00","id":"","remote_ip":"::1","host":"localhost:8083","method":"POST","uri":"/todos","status":200, "latency":2001400,"latency_human":"2.0014ms","bytes_in":58,"bytes_out":100}
{"time":"2019-05-17T17:22:52+07:00","id":"","remote_ip":"::1","host":"localhost:8083","method":"POST","uri":"/todos","status":200, "latency":1001200,"latency_human":"1.0012ms","bytes_in":58,"bytes_out":100}
{"time":"2019-05-17T17:22:53+07:00","id":"","remote_ip":"::1","host":"localhost:8083","method":"POST","uri":"/todos","status":200, "latency":1000800,"latency_human":"1.0008ms","bytes_in":58,"bytes_out":100}
{"time":"2019-05-17T17:22:54+07:00","id":"","remote_ip":"::1","host":"localhost:8083","method":"POST","uri":"/todos","status":200, "latency":2011100,"latency_human":"2.0111ms","bytes_in":58,"bytes_out":100}
{"time":"2019-05-17T17:22:54+07:00","id":"","remote_ip":"::1","host":"localhost:8083","method":"POST","uri":"/todos","status":200, "latency":1501300,"latency_human":"1.5013ms","bytes_in":58,"bytes_out":100}
{"time":"2019-05-17T17:22:55+07:00","id":"","remote_ip":"::1","host":"localhost:8083","method":"POST","uri":"/todos","status":200, "latency":1000900,"latency_human":"1.0009ms","bytes_in":58,"bytes_out":100}
{"time":"2019-05-17T17:22:55+07:00","id":"","remote_ip":"::1","host":"localhost:8083","method":"POST","uri":"/todos","status":200, "latency":999000,"latency_human":"999µs","bytes_in":58,"bytes_out":100}
{"time":"2019-05-17T17:22:56+07:00","id":"","remote_ip":"::1","host":"localhost:8083","method":"POST","uri":"/todos","status":200, "latency":1500600,"latency_human":"1.5006ms","bytes_in":58,"bytes_out":100}
{"time":"2019-05-17T17:22:56+07:00","id":"","remote_ip":"::1","host":"localhost:8083","method":"POST","uri":"/todos","status":200, "latency":1000600,"latency_human":"1.0006ms","bytes_in":58,"bytes_out":100}
{"time":"2019-05-17T17:22:57+07:00","id":"","remote_ip":"::1","host":"localhost:8083","method":"POST","uri":"/todos","status":200, "latency":1002100,"latency_human":"1.0021ms","bytes_in":58,"bytes_out":100}
{"time":"2019-05-17T17:22:57+07:00","id":"","remote_ip":"::1","host":"localhost:8083","method":"POST","uri":"/todos","status":200, "latency":2001700,"latency_human":"2.0017ms","bytes_in":58,"bytes_out":100}
{"time":"2019-05-17T17:22:58+07:00","id":"","remote_ip":"::1","host":"localhost:8083","method":"POST","uri":"/todos","status":200, "latency":2012600,"latency_human":"2.0126ms","bytes_in":58,"bytes_out":100}
{"time":"2019-05-17T17:22:58+07:00","id":"","remote_ip":"::1","host":"localhost:8083","method":"POST","uri":"/todos","status":200, "latency":1000900,"latency_human":"1.0009ms","bytes_in":58,"bytes_out":100}
{"time":"2019-05-17T17:22:59+07:00","id":"","remote_ip":"::1","host":"localhost:8083","method":"POST","uri":"/todos","status":200, "latency":1000900,"latency_human":"1.0009ms","bytes_in":58,"bytes_out":100}
{"time":"2019-05-17T17:22:59+07:00","id":"","remote_ip":"::1","host":"localhost:8083","method":"POST","uri":"/todos","status":200, "latency":1501000,"latency_human":"1.501ms","bytes_in":58,"bytes_out":100}
{"time":"2019-05-17T17:23:00+07:00","id":"","remote_ip":"::1","host":"localhost:8083","method":"POST","uri":"/todos","status":200, "latency":1000300,"latency_human":"1.0003ms","bytes_in":58,"bytes_out":100}
{"time":"2019-05-17T17:23:00+07:00","id":"","remote_ip":"::1","host":"localhost:8083","method":"POST","uri":"/todos","status":200, "latency":2029100,"latency_human":"2.0291ms","bytes_in":58,"bytes_out":100}
{"time":"2019-05-17T17:23:07+07:00","id":"","remote_ip":"::1","host":"localhost:8083","method":"GET","uri":"/todos","status":200, "latency":1574938000,"latency_human":"1.574938s","bytes_in":58,"bytes_out":7610}
{"time":"2019-05-17T17:23:22+07:00","id":"","remote_ip":"::1","host":"localhost:8083","method":"GET","uri":"/todos","status":200, "latency":1558567700,"latency_human":"1.5585677s","bytes_in":58,"bytes_out":7610}
{"time":"2019-05-17T17:23:25+07:00","id":"","remote_ip":"::1","host":"localhost:8083","method":"GET","uri":"/todos","status":200, "latency":1581067500,"latency_human":"1.5810675s","bytes_in":58,"bytes_out":7610}
{"time":"2019-05-17T17:23:27+07:00","id":"","remote_ip":"::1","host":"localhost:8083","method":"GET","uri":"/todos","status":200, "latency":1585717900,"latency_human":"1.5857179s","bytes_in":58,"bytes_out":7610}
{"time":"2019-05-17T17:23:29+07:00","id":"","remote_ip":"::1","host":"localhost:8083","method":"GET","uri":"/todos","status":200, "latency":1627854900,"latency_human":"1.6278549s","bytes_in":58,"bytes_out":7610}
{"time":"2019-05-17T17:23:32+07:00","id":"","remote_ip":"::1","host":"localhost:8083","method":"GET","uri":"/todos","status":200, "latency":1563265900,"latency_human":"1.5632659s","bytes_in":58,"bytes_out":7610}
{"time":"2019-05-17T17:23:35+07:00","id":"","remote_ip":"::1","host":"localhost:8083","method":"GET","uri":"/todos","status":200, "latency":1666993800,"latency_human":"1.6669938s","bytes_in":58,"bytes_out":7610}
{"time":"2019-05-17T17:32:56+07:00","id":"","remote_ip":"::1","host":"localhost:8083","method":"GET","uri":"/todos","status":200, "latency":2676476500,"latency_human":"2.6764765s","bytes_in":58,"bytes_out":7610}
{"time":"2019-05-17T17:34:50+07:00","id":"","remote_ip":"::1","host":"localhost:8083","method":"GET","uri":"/todos","status":200, "latency":1028356400,"latency_human":"1.0283564s","bytes_in":58,"bytes_out":5}
{"time":"2019-05-17T17:35:31+07:00","id":"","remote_ip":"::1","host":"localhost:8083","method":"GET","uri":"/todos","status":200, "latency":1066523300,"latency_human":"1.0665233s","bytes_in":58,"bytes_out":5}
{"time":"2019-05-17T17:40:57+07:00","id":"","remote_ip":"::1","host":"localhost:8083","method":"GET","uri":"/todos","status":200, "latency":1065669800,"latency_human":"1.0656698s","bytes_in":58,"bytes_out":7610}
{"time":"2019-05-17T17:41:33+07:00","id":"","remote_ip":"::1","host":"localhost:8083","method":"GET","uri":"/todos","status":200, "latency":49573000,"latency_human":"49.573ms","bytes_in":58,"bytes_out":7610}
{"time":"2019-05-17T17:41:34+07:00","id":"","remote_ip":"::1","host":"localhost:8083","method":"GET","uri":"/todos","status":200, "latency":48077000,"latency_human":"48.077ms","bytes_in":58,"bytes_out":7610}
{"time":"2019-05-17T17:41:35+07:00","id":"","remote_ip":"::1","host":"localhost:8083","method":"GET","uri":"/todos","status":200, "latency":46032000,"latency_human":"46.032ms","bytes_in":58,"bytes_out":7610}
{"time":"2019-05-17T17:41:36+07:00","id":"","remote_ip":"::1","host":"localhost:8083","method":"GET","uri":"/todos","status":200, "latency":48053300,"latency_human":"48.0533ms","bytes_in":58,"bytes_out":7610}
{"time":"2019-05-17T17:41:37+07:00","id":"","remote_ip":"::1","host":"localhost:8083","method":"GET","uri":"/todos","status":200, "latency":43532700,"latency_human":"43.5327ms","bytes_in":58,"bytes_out":7610}
{"time":"2019-05-17T17:41:37+07:00","id":"","remote_ip":"::1","host":"localhost:8083","method":"GET","uri":"/todos","status":200, "latency":49033900,"latency_human":"49.0339ms","bytes_in":58,"bytes_out":7610}
{"time":"2019-05-17T17:41:38+07:00","id":"","remote_ip":"::1","host":"localhost:8083","method":"GET","uri":"/todos","status":200, "latency":44693700,"latency_human":"44.6937ms","bytes_in":58,"bytes_out":7610}
{"time":"2019-05-17T17:41:39+07:00","id":"","remote_ip":"::1","host":"localhost:8083","method":"GET","uri":"/todos","status":200, "latency":41488200,"latency_human":"41.4882ms","bytes_in":58,"bytes_out":7610}
{"time":"2019-05-17T17:41:40+07:00","id":"","remote_ip":"::1","host":"localhost:8083","method":"GET","uri":"/todos","status":200, "latency":42373100,"latency_human":"42.3731ms","bytes_in":58,"bytes_out":7610}
{"time":"2019-05-17T17:41:41+07:00","id":"","remote_ip":"::1","host":"localhost:8083","method":"GET","uri":"/todos","status":200, "latency":55023300,"latency_human":"55.0233ms","bytes_in":58,"bytes_out":7610}
{"time":"2019-05-17T17:41:42+07:00","id":"","remote_ip":"::1","host":"localhost:8083","method":"GET","uri":"/todos","status":200, "latency":45721900,"latency_human":"45.7219ms","bytes_in":58,"bytes_out":7610}
{"time":"2019-05-17T17:41:43+07:00","id":"","remote_ip":"::1","host":"localhost:8083","method":"GET","uri":"/todos","status":200, "latency":53039900,"latency_human":"53.0399ms","bytes_in":58,"bytes_out":7610}
{"time":"2019-05-17T17:41:53+07:00","id":"","remote_ip":"::1","host":"localhost:8083","method":"PUT","uri":"/todos/5cde7280012cbc5792a9be7b","status":200, "latency":4002500,"latency_human":"4.0025ms","bytes_in":58,"bytes_out":99}
{"time":"2019-05-17T17:42:03+07:00","id":"","remote_ip":"::1","host":"localhost:8083","method":"GET","uri":"/todos/5cde7280012cbc5792a9be7b","status":200, "latency":1001100,"latency_human":"1.0011ms","bytes_in":58,"bytes_out":96}
{"time":"2019-05-17T17:43:37+07:00","id":"","remote_ip":"::1","host":"localhost:8083","method":"PUT","uri":"/todos/5cde7280012cbc5792a9be7b","status":200, "latency":4002800,"latency_human":"4.0028ms","bytes_in":58,"bytes_out":99}
{"time":"2019-05-17T17:47:05+07:00","id":"","remote_ip":"::1","host":"localhost:8083","method":"PUT","uri":"/todos/5cde7280012cbc5792a9be7b","status":200, "latency":1025727600,"latency_human":"1.0257276s","bytes_in":58,"bytes_out":99}
{"time":"2019-05-17T17:48:53+07:00","id":"","remote_ip":"::1","host":"localhost:8083","method":"PUT","uri":"/todos/5cde7280012cbc5792a9be7b","status":200, "latency":1019577800,"latency_human":"1.0195778s","bytes_in":58,"bytes_out":99}
{"time":"2019-05-17T17:54:41+07:00","id":"","remote_ip":"::1","host":"localhost:8083","method":"PUT","uri":"/todos/5cde7280012cbc5792a9be7b","status":200, "latency":1020646500,"latency_human":"1.0206465s","bytes_in":58,"bytes_out":99}
{"time":"2019-05-17T18:04:20+07:00","id":"","remote_ip":"::1","host":"localhost:8083","method":"PUT","uri":"/todos/5cde7280012cbc5792a9be7b","status":200, "latency":1023879500,"latency_human":"1.0238795s","bytes_in":58,"bytes_out":99}
{"time":"2019-05-17T18:07:52+07:00","id":"","remote_ip":"::1","host":"localhost:8083","method":"PUT","uri":"/todos/5cde7280012cbc5792a9be7b","status":200, "latency":1022508600,"latency_human":"1.0225086s","bytes_in":58,"bytes_out":99}
{"time":"2019-05-17T18:08:47+07:00","id":"","remote_ip":"::1","host":"localhost:8083","method":"GET","uri":"/todos","status":200, "latency":54039800,"latency_human":"54.0398ms","bytes_in":58,"bytes_out":7613}
{"time":"2019-05-17T18:09:03+07:00","id":"","remote_ip":"::1","host":"localhost:8083","method":"DELETE","uri":"/todos/5cde72b1675c5183103b84c1","status":200, "latency":1001100,"latency_human":"1.0011ms","bytes_in":58,"bytes_out":21}
{"time":"2019-05-17T18:35:45+07:00","id":"","remote_ip":"::1","host":"localhost:8083","method":"GET","uri":"/todos/5cde72b1675c5183103b84c1","status":500, "latency":999900,"latency_human":"999.9µs","bytes_in":58,"bytes_out":36}
{"time":"2019-05-17T18:35:53+07:00","id":"","remote_ip":"::1","host":"localhost:8083","method":"GET","uri":"/todos","status":200, "latency":1001500,"latency_human":"1.0015ms","bytes_in":58,"bytes_out":7517}
{"time":"2019-05-17T18:36:07+07:00","id":"","remote_ip":"::1","host":"localhost:8083","method":"GET","uri":"/todos/5cde7280012cbc5792a9be7b","status":200, "latency":8005000,"latency_human":"8.005ms","bytes_in":58,"bytes_out":99}
