{"time":"2019-05-21T15:23:35+07:00","id":"","remote_ip":"::1","host":"localhost:8083","method":"GET","uri":"/todos/5cde7280012cbc5792a9be7b","status":200, "latency":6003900,"latency_human":"6.0039ms","bytes_in":58,"bytes_out":99}
{"time":"2019-05-21T15:24:02+07:00","id":"","remote_ip":"::1","host":"localhost:8083","method":"GET","uri":"/todos/5cde7280012cbc5792a9be7b","status":200, "latency":6998600,"latency_human":"6.9986ms","bytes_in":58,"bytes_out":99}
{"time":"2019-05-21T15:24:36+07:00","id":"","remote_ip":"::1","host":"localhost:8083","method":"GET","uri":"/todos/5cde7280012cbc5792a9be7b","status":200, "latency":7505300,"latency_human":"7.5053ms","bytes_in":58,"bytes_out":99}
{"time":"2019-05-21T15:24:37+07:00","id":"","remote_ip":"::1","host":"localhost:8083","method":"GET","uri":"/todos/5cde7280012cbc5792a9be7b","status":200, "latency":0,"latency_human":"0s","bytes_in":58,"bytes_out":99}
{"time":"2019-05-21T15:24:38+07:00","id":"","remote_ip":"::1","host":"localhost:8083","method":"GET","uri":"/todos/5cde7280012cbc5792a9be7b","status":200, "latency":0,"latency_human":"0s","bytes_in":58,"bytes_out":99}
{"time":"2019-05-21T15:24:39+07:00","id":"","remote_ip":"::1","host":"localhost:8083","method":"GET","uri":"/todos/5cde7280012cbc5792a9be7b","status":200, "latency":0,"latency_human":"0s","bytes_in":58,"bytes_out":99}
{"time":"2019-05-21T15:24:39+07:00","id":"","remote_ip":"::1","host":"localhost:8083","method":"GET","uri":"/todos/5cde7280012cbc5792a9be7b","status":200, "latency":0,"latency_human":"0s","bytes_in":58,"bytes_out":99}
{"time":"2019-05-21T15:24:40+07:00","id":"","remote_ip":"::1","host":"localhost:8083","method":"GET","uri":"/todos/5cde7280012cbc5792a9be7b","status":200, "latency":0,"latency_human":"0s","bytes_in":58,"bytes_out":99}
{"time":"2019-05-21T15:24:41+07:00","id":"","remote_ip":"::1","host":"localhost:8083","method":"GET","uri":"/todos/5cde7280012cbc5792a9be7b","status":200, "latency":0,"latency_human":"0s","bytes_in":58,"bytes_out":99}
{"time":"2019-05-21T15:24:41+07:00","id":"","remote_ip":"::1","host":"localhost:8083","method":"GET","uri":"/todos/5cde7280012cbc5792a9be7b","status":200, "latency":0,"latency_human":"0s","bytes_in":58,"bytes_out":99}
{"time":"2019-05-21T15:24:42+07:00","id":"","remote_ip":"::1","host":"localhost:8083","method":"GET","uri":"/todos/5cde7280012cbc5792a9be7b","status":200, "latency":1000900,"latency_human":"1.0009ms","bytes_in":58,"bytes_out":99}
{"time":"2019-05-21T15:24:43+07:00","id":"","remote_ip":"::1","host":"localhost:8083","method":"GET","uri":"/todos/5cde7280012cbc5792a9be7b","status":200, "latency":0,"latency_human":"0s","bytes_in":58,"bytes_out":99}
{"time":"2019-05-21T15:24:43+07:00","id":"","remote_ip":"::1","host":"localhost:8083","method":"GET","uri":"/todos/5cde7280012cbc5792a9be7b","status":200, "latency":999900,"latency_human":"999.9µs","bytes_in":58,"bytes_out":99}
{"time":"2019-05-21T15:24:44+07:00","id":"","remote_ip":"::1","host":"localhost:8083","method":"GET","uri":"/todos/5cde7280012cbc5792a9be7b","status":200, "latency":0,"latency_human":"0s","bytes_in":58,"bytes_out":99}
{"time":"2019-05-21T15:24:44+07:00","id":"","remote_ip":"::1","host":"localhost:8083","method":"GET","uri":"/todos/5cde7280012cbc5792a9be7b","status":200, "latency":0,"latency_human":"0s","bytes_in":58,"bytes_out":99}
{"time":"2019-05-21T15:24:45+07:00","id":"","remote_ip":"::1","host":"localhost:8083","method":"GET","uri":"/todos/5cde7280012cbc5792a9be7b","status":200, "latency":1001200,"latency_human":"1.0012ms","bytes_in":58,"bytes_out":99}
{"time":"2019-05-21T15:24:45+07:00","id":"","remote_ip":"::1","host":"localhost:8083","method":"GET","uri":"/todos/5cde7280012cbc5792a9be7b","status":200, "latency":0,"latency_human":"0s","bytes_in":58,"bytes_out":99}
{"time":"2019-05-21T15:24:46+07:00","id":"","remote_ip":"::1","host":"localhost:8083","method":"GET","uri":"/todos/5cde7280012cbc5792a9be7b","status":200, "latency":500100,"latency_human":"500.1µs","bytes_in":58,"bytes_out":99}
{"time":"2019-05-21T15:24:46+07:00","id":"","remote_ip":"::1","host":"localhost:8083","method":"GET","uri":"/todos/5cde7280012cbc5792a9be7b","status":200, "latency":16012900,"latency_human":"16.0129ms","bytes_in":58,"bytes_out":99}
{"time":"2019-05-21T15:24:47+07:00","id":"","remote_ip":"::1","host":"localhost:8083","method":"GET","uri":"/todos/5cde7280012cbc5792a9be7b","status":200, "latency":1000800,"latency_human":"1.0008ms","bytes_in":58,"bytes_out":99}
{"time":"2019-05-21T15:24:47+07:00","id":"","remote_ip":"::1","host":"localhost:8083","method":"GET","uri":"/todos/5cde7280012cbc5792a9be7b","status":200, "latency":1000800,"latency_human":"1.0008ms","bytes_in":58,"bytes_out":99}
{"time":"2019-05-21T15:24:59+07:00","id":"","remote_ip":"::1","host":"localhost:8083","method":"POST","uri":"/todos/5cde7280012cbc5792a9be7b","status":405, "latency":1002400,"latency_human":"1.0024ms","bytes_in":60,"bytes_out":33}
{"time":"2019-05-21T15:25:05+07:00","id":"","remote_ip":"::1","host":"localhost:8083","method":"POST","uri":"/todos","status":200, "latency":8005700,"latency_human":"8.0057ms","bytes_in":60,"bytes_out":78}
{"time":"2019-05-21T15:32:41+07:00","id":"","remote_ip":"::1","host":"localhost:8083","method":"POST","uri":"/todos","status":200, "latency":1002400,"latency_human":"1.0024ms","bytes_in":60,"bytes_out":102}
{"time":"2019-05-21T15:32:43+07:00","id":"","remote_ip":"::1","host":"localhost:8083","method":"POST","uri":"/todos","status":200, "latency":0,"latency_human":"0s","bytes_in":60,"bytes_out":102}
{"time":"2019-05-21T15:32:44+07:00","id":"","remote_ip":"::1","host":"localhost:8083","method":"POST","uri":"/todos","status":200, "latency":0,"latency_human":"0s","bytes_in":60,"bytes_out":102}
{"time":"2019-05-21T15:32:45+07:00","id":"","remote_ip":"::1","host":"localhost:8083","method":"POST","uri":"/todos","status":200, "latency":1000500,"latency_human":"1.0005ms","bytes_in":60,"bytes_out":102}
{"time":"2019-05-21T15:32:45+07:00","id":"","remote_ip":"::1","host":"localhost:8083","method":"POST","uri":"/todos","status":200, "latency":0,"latency_human":"0s","bytes_in":60,"bytes_out":102}
{"time":"2019-05-21T15:32:46+07:00","id":"","remote_ip":"::1","host":"localhost:8083","method":"POST","uri":"/todos","status":200, "latency":0,"latency_human":"0s","bytes_in":60,"bytes_out":102}
{"time":"2019-05-21T15:32:46+07:00","id":"","remote_ip":"::1","host":"localhost:8083","method":"POST","uri":"/todos","status":200, "latency":519800,"latency_human":"519.8µs","bytes_in":60,"bytes_out":102}
{"time":"2019-05-21T15:32:46+07:00","id":"","remote_ip":"::1","host":"localhost:8083","method":"POST","uri":"/todos","status":200, "latency":0,"latency_human":"0s","bytes_in":60,"bytes_out":102}
{"time":"2019-05-21T15:32:48+07:00","id":"","remote_ip":"::1","host":"localhost:8083","method":"POST","uri":"/todos","status":200, "latency":1000900,"latency_human":"1.0009ms","bytes_in":60,"bytes_out":102}
{"time":"2019-05-21T15:32:49+07:00","id":"","remote_ip":"::1","host":"localhost:8083","method":"POST","uri":"/todos","status":200, "latency":0,"latency_human":"0s","bytes_in":60,"bytes_out":102}
{"time":"2019-05-21T15:32:49+07:00","id":"","remote_ip":"::1","host":"localhost:8083","method":"POST","uri":"/todos","status":200, "latency":0,"latency_human":"0s","bytes_in":60,"bytes_out":102}
{"time":"2019-05-21T15:32:50+07:00","id":"","remote_ip":"::1","host":"localhost:8083","method":"POST","uri":"/todos","status":200, "latency":0,"latency_human":"0s","bytes_in":60,"bytes_out":102}
{"time":"2019-05-21T15:32:51+07:00","id":"","remote_ip":"::1","host":"localhost:8083","method":"POST","uri":"/todos","status":200, "latency":1000600,"latency_human":"1.0006ms","bytes_in":60,"bytes_out":102}
{"time":"2019-05-21T15:32:55+07:00","id":"","remote_ip":"::1","host":"localhost:8083","method":"GET","uri":"/todos","status":200, "latency":8008800,"latency_human":"8.0088ms","bytes_in":60,"bytes_out":8843}
{"time":"2019-05-21T17:35:30+07:00","id":"","remote_ip":"::1","host":"localhost:8083","method":"GET","uri":"/esversion","status":200, "latency":1304571200,"latency_human":"1.3045712s","bytes_in":60,"bytes_out":0}
{"time":"2019-05-21T17:56:06+07:00","id":"","remote_ip":"::1","host":"localhost:8083","method":"GET","uri":"/esversion","status":200, "latency":3029600,"latency_human":"3.0296ms","bytes_in":60,"bytes_out":0}
{"time":"2019-05-21T17:58:44+07:00","id":"","remote_ip":"::1","host":"localhost:8083","method":"GET","uri":"/esversion","status":200, "latency":3002000,"latency_human":"3.002ms","bytes_in":60,"bytes_out":0}
{"time":"2019-05-21T18:05:10+07:00","id":"","remote_ip":"::1","host":"localhost:8083","method":"GET","uri":"/esversion","status":200, "latency":13009000,"latency_human":"13.009ms","bytes_in":60,"bytes_out":0}
{"time":"2019-05-21T18:22:16+07:00","id":"","remote_ip":"::1","host":"localhost:8083","method":"GET","uri":"/esversion","status":200, "latency":8006000,"latency_human":"8.006ms","bytes_in":60,"bytes_out":0}
{"time":"2019-05-21T18:49:15+07:00","id":"","remote_ip":"::1","host":"localhost:8083","method":"GET","uri":"/esversion","status":200, "latency":31611200,"latency_human":"31.6112ms","bytes_in":60,"bytes_out":0}
{"time":"2019-05-21T18:49:54+07:00","id":"","remote_ip":"::1","host":"localhost:8083","method":"GET","uri":"/esversion","status":200, "latency":13003200,"latency_human":"13.0032ms","bytes_in":60,"bytes_out":0}
{"time":"2019-05-21T18:52:21+07:00","id":"","remote_ip":"::1","host":"localhost:8083","method":"GET","uri":"/esversion","status":200, "latency":8005700,"latency_human":"8.0057ms","bytes_in":60,"bytes_out":0}
{"time":"2019-05-21T18:55:43+07:00","id":"","remote_ip":"::1","host":"localhost:8083","method":"GET","uri":"/esversion","status":200, "latency":9012700,"latency_human":"9.0127ms","bytes_in":60,"bytes_out":0}
{"time":"2019-05-21T18:57:16+07:00","id":"","remote_ip":"::1","host":"localhost:8083","method":"GET","uri":"/esversion","status":200, "latency":6021600,"latency_human":"6.0216ms","bytes_in":60,"bytes_out":0}
{"time":"2019-05-21T18:59:22+07:00","id":"","remote_ip":"::1","host":"localhost:8083","method":"GET","uri":"/esversion","status":200, "latency":2001400,"latency_human":"2.0014ms","bytes_in":60,"bytes_out":0}
{"time":"2019-05-21T19:00:57+07:00","id":"","remote_ip":"::1","host":"localhost:8083","method":"GET","uri":"/esversion","status":200, "latency":1501300,"latency_human":"1.5013ms","bytes_in":60,"bytes_out":0}
{"time":"2019-05-21T19:03:06+07:00","id":"","remote_ip":"::1","host":"localhost:8083","method":"GET","uri":"/esversion","status":200, "latency":1000600,"latency_human":"1.0006ms","bytes_in":60,"bytes_out":0}
{"time":"2019-05-21T19:03:54+07:00","id":"","remote_ip":"::1","host":"localhost:8083","method":"GET","uri":"/esversion","status":200, "latency":2001100,"latency_human":"2.0011ms","bytes_in":60,"bytes_out":0}
{"time":"2019-05-21T19:05:15+07:00","id":"","remote_ip":"::1","host":"localhost:8083","method":"GET","uri":"/esversion","status":200, "latency":1518100,"latency_human":"1.5181ms","bytes_in":0,"bytes_out":0}
{"time":"2019-05-21T19:12:32+07:00","id":"","remote_ip":"::1","host":"localhost:8083","method":"GET","uri":"/esversion","status":200, "latency":2001400,"latency_human":"2.0014ms","bytes_in":60,"bytes_out":0}
{"time":"2019-05-21T19:19:49+07:00","id":"","remote_ip":"::1","host":"localhost:8083","method":"GET","uri":"/esversion","status":200, "latency":1000600,"latency_human":"1.0006ms","bytes_in":60,"bytes_out":0}
{"time":"2019-05-21T19:20:23+07:00","id":"","remote_ip":"::1","host":"localhost:8083","method":"GET","uri":"/todos","status":200, "latency":11008300,"latency_human":"11.0083ms","bytes_in":60,"bytes_out":8843}
{"time":"2019-05-21T19:21:10+07:00","id":"","remote_ip":"::1","host":"localhost:8083","method":"GET","uri":"/todos","status":200, "latency":1501000,"latency_human":"1.501ms","bytes_in":60,"bytes_out":8843}
{"time":"2019-05-21T19:22:05+07:00","id":"","remote_ip":"::1","host":"localhost:8083","method":"GET","uri":"/todos","status":200, "latency":2001500,"latency_human":"2.0015ms","bytes_in":60,"bytes_out":8843}
{"time":"2019-05-21T19:24:21+07:00","id":"","remote_ip":"::1","host":"localhost:8083","method":"GET","uri":"/esversion","status":200, "latency":12011300,"latency_human":"12.0113ms","bytes_in":60,"bytes_out":0}
{"time":"2019-05-21T19:25:37+07:00","id":"","remote_ip":"::1","host":"localhost:8083","method":"GET","uri":"/esversion","status":200, "latency":2003600,"latency_human":"2.0036ms","bytes_in":60,"bytes_out":0}
{"time":"2019-05-21T19:26:51+07:00","id":"","remote_ip":"::1","host":"localhost:8083","method":"GET","uri":"/esversion","status":200, "latency":2001400,"latency_human":"2.0014ms","bytes_in":60,"bytes_out":0}
{"time":"2019-05-21T19:32:32+07:00","id":"","remote_ip":"::1","host":"localhost:8083","method":"GET","uri":"/esversion","status":200, "latency":9006800,"latency_human":"9.0068ms","bytes_in":60,"bytes_out":19}
{"time":"2019-05-22T12:51:13+07:00","id":"","remote_ip":"::1","host":"localhost:8083","method":"GET","uri":"/esversion","status":200, "latency":5671400,"latency_human":"5.6714ms","bytes_in":60,"bytes_out":19}
